# JRE version: Java(TM) SE Runtime Environment (8.0_192-b12) (build 1.8.0_192-b12)
# Java VM: Java HotSpot(TM) Client VM (25.192-b12 mixed mode, sharing windows-x86 )
Heap:
 def new generation   total 4928K, used 1379K [0x04a00000, 0x04f50000, 0x09f50000)
  eden space 4416K,  31% used [0x04a00000, 0x04b57d48, 0x04e50000)
  from space 512K,   0% used [0x04ed0000, 0x04ed11b8, 0x04f50000)
  to   space 512K,   0% used [0x04e50000, 0x04e50000, 0x04ed0000)
 tenured generation   total 10944K, used 6230K [0x09f50000, 0x0aa00000, 0x14a00000)
   the space 10944K,  56% used [0x09f50000, 0x0a565b08, 0x0a565c00, 0x0aa00000)
 Metaspace       used 1196K, capacity 3173K, committed 3264K, reserved 4480K
GC Heap History (10 events):
Event: 108.548 GC heap before
{Heap before GC invocations=1240 (full 0):
 def new generation   total 4928K, used 4420K [0x04a00000, 0x04f50000, 0x09f50000)
  eden space 4416K, 100% used [0x04a00000, 0x04e50000, 0x04e50000)
  from space 512K,   0% used [0x04e50000, 0x04e51170, 0x04ed0000)
  to   space 512K,   0% used [0x04ed0000, 0x04ed0000, 0x04f50000)
 tenured generation   total 10944K, used 6229K [0x09f50000, 0x0aa00000, 0x14a00000)
   the space 10944K,  56% used [0x09f50000, 0x0a565778, 0x0a565800, 0x0aa00000)
 Metaspace       used 1192K, capacity 3173K, committed 3264K, reserved 4480K
Event: 108.549 GC heap after
Heap after GC invocations=1241 (full 0):
 def new generation   total 4928K, used 4K [0x04a00000, 0x04f50000, 0x09f50000)
  eden space 4416K,   0% used [0x04a00000, 0x04a00000, 0x04e50000)
  from space 512K,   0% used [0x04ed0000, 0x04ed1060, 0x04f50000)
  to   space 512K,   0% used [0x04e50000, 0x04e50000, 0x04ed0000)
 tenured generation   total 10944K, used 6229K [0x09f50000, 0x0aa00000, 0x14a00000)
   the space 10944K,  56% used [0x09f50000, 0x0a565778, 0x0a565800, 0x0aa00000)
 Metaspace       used 1192K, capacity 3173K, committed 3264K, reserved 4480K
}
Event: 108.656 GC heap before
{Heap before GC invocations=1241 (full 0):
 def new generation   total 4928K, used 4420K [0x04a00000, 0x04f50000, 0x09f50000)
  eden space 4416K, 100% used [0x04a00000, 0x04e50000, 0x04e50000)
  from space 512K,   0% used [0x04ed0000, 0x04ed1060, 0x04f50000)
  to   space 512K,   0% used [0x04e50000, 0x04e50000, 0x04ed0000)
 tenured generation   total 10944K, used 6229K [0x09f50000, 0x0aa00000, 0x14a00000)
   the space 10944K,  56% used [0x09f50000, 0x0a565778, 0x0a565800, 0x0aa00000)
 Metaspace       used 1192K, capacity 3173K, committed 3264K, reserved 4480K
Event: 108.657 GC heap after
Heap after GC invocations=1242 (full 0):
 def new generation   total 4928K, used 4K [0x04a00000, 0x04f50000, 0x09f50000)
  eden space 4416K,   0% used [0x04a00000, 0x04a00000, 0x04e50000)
  from space 512K,   0% used [0x04e50000, 0x04e51170, 0x04ed0000)
  to   space 512K,   0% used [0x04ed0000, 0x04ed0000, 0x04f50000)
 tenured generation   total 10944K, used 6230K [0x09f50000, 0x0aa00000, 0x14a00000)
   the space 10944K,  56% used [0x09f50000, 0x0a565940, 0x0a565a00, 0x0aa00000)
 Metaspace       used 1192K, capacity 3173K, committed 3264K, reserved 4480K
}
Event: 108.734 GC heap before
{Heap before GC invocations=1242 (full 0):
 def new generation   total 4928K, used 4420K [0x04a00000, 0x04f50000, 0x09f50000)
  eden space 4416K, 100% used [0x04a00000, 0x04e50000, 0x04e50000)
  from space 512K,   0% used [0x04e50000, 0x04e51170, 0x04ed0000)
  to   space 512K,   0% used [0x04ed0000, 0x04ed0000, 0x04f50000)
 tenured generation   total 10944K, used 6230K [0x09f50000, 0x0aa00000, 0x14a00000)
   the space 10944K,  56% used [0x09f50000, 0x0a565940, 0x0a565a00, 0x0aa00000)
 Metaspace       used 1192K, capacity 3173K, committed 3264K, reserved 4480K
Event: 108.735 GC heap after
Heap after GC invocations=1243 (full 0):
 def new generation   total 4928K, used 4K [0x04a00000, 0x04f50000, 0x09f50000)
  eden space 4416K,   0% used [0x04a00000, 0x04a00000, 0x04e50000)
  from space 512K,   0% used [0x04ed0000, 0x04ed1128, 0x04f50000)
  to   space 512K,   0% used [0x04e50000, 0x04e50000, 0x04ed0000)
 tenured generation   total 10944K, used 6230K [0x09f50000, 0x0aa00000, 0x14a00000)
   the space 10944K,  56% used [0x09f50000, 0x0a565940, 0x0a565a00, 0x0aa00000)
 Metaspace       used 1192K, capacity 3173K, committed 3264K, reserved 4480K
}
Event: 108.861 GC heap before
{Heap before GC invocations=1243 (full 0):
 def new generation   total 4928K, used 4420K [0x04a00000, 0x04f50000, 0x09f50000)
  eden space 4416K, 100% used [0x04a00000, 0x04e50000, 0x04e50000)
  from space 512K,   0% used [0x04ed0000, 0x04ed1128, 0x04f50000)
  to   space 512K,   0% used [0x04e50000, 0x04e50000, 0x04ed0000)
 tenured generation   total 10944K, used 6230K [0x09f50000, 0x0aa00000, 0x14a00000)
   the space 10944K,  56% used [0x09f50000, 0x0a565940, 0x0a565a00, 0x0aa00000)
 Metaspace       used 1192K, capacity 3173K, committed 3264K, reserved 4480K
Event: 108.863 GC heap after
Heap after GC invocations=1244 (full 0):
 def new generation   total 4928K, used 5K [0x04a00000, 0x04f50000, 0x09f50000)
  eden space 4416K,   0% used [0x04a00000, 0x04a00000, 0x04e50000)
  from space 512K,   0% used [0x04e50000, 0x04e51478, 0x04ed0000)
  to   space 512K,   0% used [0x04ed0000, 0x04ed0000, 0x04f50000)
 tenured generation   total 10944K, used 6230K [0x09f50000, 0x0aa00000, 0x14a00000)
   the space 10944K,  56% used [0x09f50000, 0x0a565b08, 0x0a565c00, 0x0aa00000)
 Metaspace       used 1192K, capacity 3173K, committed 3264K, reserved 4480K
}
Event: 108.956 GC heap before
{Heap before GC invocations=1244 (full 0):
 def new generation   total 4928K, used 4421K [0x04a00000, 0x04f50000, 0x09f50000)
  eden space 4416K, 100% used [0x04a00000, 0x04e50000, 0x04e50000)
  from space 512K,   0% used [0x04e50000, 0x04e51478, 0x04ed0000)
  to   space 512K,   0% used [0x04ed0000, 0x04ed0000, 0x04f50000)
 tenured generation   total 10944K, used 6230K [0x09f50000, 0x0aa00000, 0x14a00000)
   the space 10944K,  56% used [0x09f50000, 0x0a565b08, 0x0a565c00, 0x0aa00000)
 Metaspace       used 1192K, capacity 3173K, committed 3264K, reserved 4480K
Event: 108.957 GC heap after
Heap after GC invocations=1245 (full 0):
 def new generation   total 4928K, used 4K [0x04a00000, 0x04f50000, 0x09f50000)
  eden space 4416K,   0% used [0x04a00000, 0x04a00000, 0x04e50000)
  from space 512K,   0% used [0x04ed0000, 0x04ed11b8, 0x04f50000)
  to   space 512K,   0% used [0x04e50000, 0x04e50000, 0x04ed0000)
 tenured generation   total 10944K, used 6230K [0x09f50000, 0x0aa00000, 0x14a00000)
   the space 10944K,  56% used [0x09f50000, 0x0a565b08, 0x0a565c00, 0x0aa00000)
 Metaspace       used 1192K, capacity 3173K, committed 3264K, reserved 4480K
}

